<?xml version="1.0" encoding="UTF-8"?>
<!-- Generated by org.testng.reporters.JUnitXMLReporter -->
<testsuite hostname="Paruls-MacBook-Pro.local" ignored="0" name="BankingApp Test" tests="2" failures="0" timestamp="31 Aug 2021 00:00:08 GMT" time="25.735" errors="0">
  <testcase name="loginTest" time="1.206" classname="com.inetBanking.testCases.TC_LoginTest_001"/>
  <testcase name="addNewCustomer" time="14.2" classname="com.inetBanking.testCases.TC_AddCustomerTest_003"/>
</testsuite> <!-- BankingApp Test -->
