<?xml version="1.0" encoding="UTF-8"?>
<testsuite xmlns:xsi="http://www.w3.org/2001/XMLSchema-instance" xsi:noNamespaceSchemaLocation="https://maven.apache.org/surefire/maven-surefire-plugin/xsd/surefire-test-report-3.0.xsd" version="3.0" name="TestSuite" time="41.554" tests="2" errors="0" skipped="0" failures="0">
  <properties>
[...]
</properties>
  <testcase name="loginTest" classname="com.inetBanking.testCases.TC_LoginTest_001" time="1.196">
    <system-err><![CDATA[Starting ChromeDriver 91.0.4472.19 (1bf021f248676a0b2ab3ee0561d83a59e424c23e-refs/branch-heads/4472@{#288}) on port 32265
Only local connections are allowed.
Please see https://chromedriver.chromium.org/security-considerations for suggestions on keeping ChromeDriver safe.
ChromeDriver was started successfully.
[1630367981.900][WARNING]: This version of ChromeDriver has not been tested with Chrome version 92.
Aug 30, 2021 7:59:42 PM org.openqa.selenium.remote.ProtocolHandshake createSession
INFO: Detected dialect: W3C
Aug 30, 2021 7:59:43 PM com.inetBanking.testCases.TC_LoginTest_001 loginTest
INFO: URL is opened
Aug 30, 2021 7:59:44 PM com.inetBanking.testCases.TC_LoginTest_001 loginTest
INFO: entered username
Aug 30, 2021 7:59:44 PM com.inetBanking.testCases.TC_LoginTest_001 loginTest
INFO: entered pwd
Aug 30, 2021 7:59:45 PM com.inetBanking.testCases.TC_LoginTest_001 loginTest
INFO: Login test passed
]]></system-err>
  </testcase>
  <testcase name="addNewCustomer" classname="com.inetBanking.testCases.TC_AddCustomerTest_003" time="14.184">
    <system-err><![CDATA[Starting ChromeDriver 91.0.4472.19 (1bf021f248676a0b2ab3ee0561d83a59e424c23e-refs/branch-heads/4472@{#288}) on port 20685
Only local connections are allowed.
Please see https://chromedriver.chromium.org/security-considerations for suggestions on keeping ChromeDriver safe.
ChromeDriver was started successfully.
[1630367987.381][WARNING]: This version of ChromeDriver has not been tested with Chrome version 92.
Aug 30, 2021 7:59:47 PM org.openqa.selenium.remote.ProtocolHandshake createSession
INFO: Detected dialect: W3C
Aug 30, 2021 7:59:49 PM com.inetBanking.testCases.TC_AddCustomerTest_003 addNewCustomer
INFO: username provided
Aug 30, 2021 7:59:49 PM com.inetBanking.testCases.TC_AddCustomerTest_003 addNewCustomer
INFO: password  provided
Aug 30, 2021 7:59:54 PM com.inetBanking.testCases.TC_AddCustomerTest_003 addNewCustomer
INFO: providing customer details....
Aug 30, 2021 8:00:03 PM com.inetBanking.testCases.TC_AddCustomerTest_003 addNewCustomer
INFO: validation started....
Aug 30, 2021 8:00:03 PM com.inetBanking.testCases.TC_AddCustomerTest_003 addNewCustomer
INFO: test case passed....
]]></system-err>
  </testcase>
</testsuite>